<?xml version="1.0" encoding="UTF-8"?>
<!-- Generated by org.testng.reporters.JUnitXMLReporter -->
<testsuite ignored="3" hostname="DESKTOP-VECQEDQ" failures="0" tests="2" name="Test" time="0.041" errors="0" timestamp="2023-06-17T19:53:21 IST">
  <testcase classname="day17June2023.GroupDemo1" name="testAudi" time="0.007"/>
  <testcase classname="day17June2023.GroupDemo1" name="testBenz" time="0.001"/>
  <testcase classname="day17June2023.GroupDemo1" name="testBajaj" time="0.0">
    <ignored/>
  </testcase> <!-- testBajaj -->
  <testcase classname="day17June2023.GroupDemo1" name="testYamaha" time="0.0">
    <ignored/>
  </testcase> <!-- testYamaha -->
  <testcase classname="day17June2023.GroupDemo1" name="testHonda" time="0.0">
    <ignored/>
  </testcase> <!-- testHonda -->
</testsuite> <!-- Test -->
