<?xml version="1.0" encoding="UTF-8"?>
<!-- Generated by org.testng.reporters.JUnitXMLReporter -->
<testsuite ignored="0" hostname="DESKTOP-VECQEDQ" failures="1" tests="4" name="GroupsTest" time="0.054" errors="0" timestamp="2023-06-17T20:27:12 IST">
  <testcase classname="day17June2023.MyTest" name="test1" time="0.012"/>
  <testcase classname="day17June2023.MyTest" name="test2" time="0.002">
    <failure type="java.lang.AssertionError" message="null">
      <![CDATA[java.lang.AssertionError: null
at day17June2023.MyTest.test2(MyTest.java:17)
at java.base/java.util.ArrayList.forEach(ArrayList.java:1511)
... Removed 27 stack frames]]>
    </failure>
  </testcase> <!-- test2 -->
  <testcase classname="day17June2023.MyTest" name="test3" time="0.002">
    <skipped/>
  </testcase> <!-- test3 -->
  <testcase classname="day17June2023.MyTest" name="test4" time="0.002"/>
</testsuite> <!-- GroupsTest -->
