<?xml version="1.0" encoding="UTF-8"?>
<testng-results ignored="0" total="2" passed="2" failed="0" skipped="0">
  <reporter-output>
  </reporter-output>
  <suite started-at="2023-06-29T00:12:18 IST" name="Suite" finished-at="2023-06-29T00:13:22 IST" duration-ms="64022">
    <groups>
    </groups>
    <test started-at="2023-06-29T00:12:18 IST" name="Test" finished-at="2023-06-29T00:13:22 IST" duration-ms="64022">
      <class name="day19June2023.test.LoginTest">
        <test-method is-config="true" signature="setUp()[pri:0, instance:day19June2023.test.LoginTest@353d0772]" started-at="2023-06-29T00:12:18 IST" name="setUp" finished-at="2023-06-29T00:12:48 IST" duration-ms="29121" status="PASS">
          <reporter-output>
          </reporter-output>
        </test-method> <!-- setUp -->
        <test-method signature="loginTest1()[pri:0, instance:day19June2023.test.LoginTest@353d0772]" started-at="2023-06-29T00:12:48 IST" name="loginTest1" finished-at="2023-06-29T00:12:49 IST" duration-ms="1948" status="PASS">
          <reporter-output>
          </reporter-output>
        </test-method> <!-- loginTest1 -->
        <test-method is-config="true" signature="tearDown()[pri:0, instance:day19June2023.test.LoginTest@353d0772]" started-at="2023-06-29T00:12:49 IST" name="tearDown" finished-at="2023-06-29T00:12:50 IST" duration-ms="313" status="PASS">
          <reporter-output>
          </reporter-output>
        </test-method> <!-- tearDown -->
      </class> <!-- day19June2023.test.LoginTest -->
      <class name="day19June2023.test.LandingTest">
        <test-method is-config="true" signature="setUp()[pri:0, instance:day19June2023.test.LandingTest@35ef1869]" started-at="2023-06-29T00:12:50 IST" name="setUp" finished-at="2023-06-29T00:13:19 IST" duration-ms="29701" status="PASS">
          <reporter-output>
          </reporter-output>
        </test-method> <!-- setUp -->
        <test-method signature="verifyUrlTest()[pri:0, instance:day19June2023.test.LandingTest@35ef1869]" started-at="2023-06-29T00:13:19 IST" name="verifyUrlTest" finished-at="2023-06-29T00:13:22 IST" duration-ms="2653" status="PASS">
          <reporter-output>
          </reporter-output>
        </test-method> <!-- verifyUrlTest -->
        <test-method is-config="true" signature="tearDown()[pri:0, instance:day19June2023.test.LandingTest@35ef1869]" started-at="2023-06-29T00:13:22 IST" name="tearDown" finished-at="2023-06-29T00:13:22 IST" duration-ms="246" status="PASS">
          <reporter-output>
          </reporter-output>
        </test-method> <!-- tearDown -->
      </class> <!-- day19June2023.test.LandingTest -->
    </test> <!-- Test -->
  </suite> <!-- Suite -->
</testng-results>
