<?xml version="1.0" encoding="UTF-8"?>
<!-- Generated by org.testng.reporters.JUnitXMLReporter -->
<testsuite ignored="0" hostname="DESKTOP-VECQEDQ" failures="0" tests="5" name="GroupsTest" time="0.058" errors="0" timestamp="2023-06-17T20:07:03 IST">
  <testcase classname="day17June2023.GroupDemo2" name="testAudi" time="0.007"/>
  <testcase classname="day17June2023.GroupDemo2" name="testBajaj" time="0.001"/>
  <testcase classname="day17June2023.GroupDemo2" name="testBenz" time="0.003"/>
  <testcase classname="day17June2023.GroupDemo2" name="testHonda" time="0.003"/>
  <testcase classname="day17June2023.GroupDemo2" name="testYamaha" time="0.002"/>
</testsuite> <!-- GroupsTest -->
