<?xml version="1.0" encoding="UTF-8"?>
<testng-results ignored="0" total="2" passed="2" failed="0" skipped="0">
  <reporter-output>
  </reporter-output>
  <suite started-at="2023-06-25T20:11:19 IST" name="Default suite" finished-at="2023-06-25T20:11:19 IST" duration-ms="41">
    <groups>
    </groups>
    <test started-at="2023-06-25T20:11:19 IST" name="Default test" finished-at="2023-06-25T20:11:19 IST" duration-ms="41">
      <class name="day23June2023.RetryTestSample">
        <test-method signature="Test1()[pri:0, instance:day23June2023.RetryTestSample@6e20b53a]" started-at="2023-06-25T20:11:19 IST" name="Test1" finished-at="2023-06-25T20:11:19 IST" duration-ms="13" status="PASS">
          <reporter-output>
          </reporter-output>
        </test-method> <!-- Test1 -->
        <test-method signature="Test2()[pri:0, instance:day23June2023.RetryTestSample@6e20b53a]" started-at="2023-06-25T20:11:19 IST" name="Test2" finished-at="2023-06-25T20:11:19 IST" duration-ms="2" status="PASS">
          <reporter-output>
          </reporter-output>
        </test-method> <!-- Test2 -->
      </class> <!-- day23June2023.RetryTestSample -->
    </test> <!-- Default test -->
  </suite> <!-- Default suite -->
</testng-results>
